<?xml version="1.0" encoding="UTF-8"?>
<coverage generated="1723393533180" clover="3.2.0">
  <project timestamp="1723393533180" name="All files">
    <metrics statements="71" coveredstatements="71" conditionals="28" coveredconditionals="27" methods="19" coveredmethods="19" elements="118" coveredelements="117" complexity="0" loc="71" ncloc="71" packages="3" files="5" classes="5"/>
    <package name="src.classes">
      <metrics statements="39" coveredstatements="39" conditionals="18" coveredconditionals="17" methods="9" coveredmethods="9"/>
      <file name="checkout.js" path="C:\Users\RIN\OneDrive\Desktop\DiUS\src\classes\checkout.js">
        <metrics statements="19" coveredstatements="19" conditionals="8" coveredconditionals="8" methods="4" coveredmethods="4"/>
        <line num="9" count="15" type="stmt"/>
        <line num="10" count="15" type="stmt"/>
        <line num="16" count="58" type="stmt"/>
        <line num="19" count="58" type="cond" truecount="2" falsecount="0"/>
        <line num="20" count="26" type="stmt"/>
        <line num="24" count="58" type="cond" truecount="2" falsecount="0"/>
        <line num="25" count="51" type="stmt"/>
        <line num="28" count="58" type="stmt"/>
        <line num="34" count="58" type="cond" truecount="2" falsecount="0"/>
        <line num="35" count="7" type="stmt"/>
        <line num="36" count="7" type="stmt"/>
        <line num="42" count="52" type="cond" truecount="2" falsecount="0"/>
        <line num="43" count="51" type="stmt"/>
        <line num="48" count="14" type="stmt"/>
        <line num="49" count="14" type="stmt"/>
        <line num="50" count="26" type="stmt"/>
        <line num="53" count="14" type="stmt"/>
        <line num="54" count="14" type="stmt"/>
        <line num="55" count="14" type="stmt"/>
      </file>
      <file name="product.js" path="C:\Users\RIN\OneDrive\Desktop\DiUS\src\classes\product.js">
        <metrics statements="20" coveredstatements="20" conditionals="10" coveredconditionals="9" methods="5" coveredmethods="5"/>
        <line num="6" count="26" type="stmt"/>
        <line num="7" count="26" type="stmt"/>
        <line num="8" count="26" type="cond" truecount="2" falsecount="0"/>
        <line num="9" count="26" type="stmt"/>
        <line num="10" count="26" type="stmt"/>
        <line num="11" count="26" type="stmt"/>
        <line num="15" count="26" type="stmt"/>
        <line num="17" count="26" type="cond" truecount="4" falsecount="0"/>
        <line num="18" count="1" type="stmt"/>
        <line num="22" count="26" type="stmt"/>
        <line num="23" count="26" type="cond" truecount="2" falsecount="0"/>
        <line num="24" count="1" type="stmt"/>
        <line num="25" count="1" type="stmt"/>
        <line num="29" count="25" type="stmt"/>
        <line num="34" count="21" type="cond" truecount="1" falsecount="1"/>
        <line num="36" count="4" type="stmt"/>
        <line num="37" count="4" type="stmt"/>
        <line num="42" count="51" type="stmt"/>
        <line num="46" count="7" type="stmt"/>
        <line num="50" count="58" type="stmt"/>
      </file>
    </package>
    <package name="src.services">
      <metrics statements="27" coveredstatements="27" conditionals="10" coveredconditionals="10" methods="10" coveredmethods="10"/>
      <file name="price-calculator.js" path="C:\Users\RIN\OneDrive\Desktop\DiUS\src\services\price-calculator.js">
        <metrics statements="24" coveredstatements="24" conditionals="8" coveredconditionals="8" methods="6" coveredmethods="6"/>
        <line num="4" count="1" type="stmt"/>
        <line num="6" count="1" type="stmt"/>
        <line num="8" count="7" type="stmt"/>
        <line num="9" count="7" type="stmt"/>
        <line num="10" count="7" type="stmt"/>
        <line num="12" count="7" type="cond" truecount="2" falsecount="0"/>
        <line num="13" count="1" type="stmt"/>
        <line num="16" count="6" type="cond" truecount="2" falsecount="0"/>
        <line num="17" count="2" type="stmt"/>
        <line num="20" count="4" type="stmt"/>
        <line num="22" count="6" type="stmt"/>
        <line num="27" count="11" type="stmt"/>
        <line num="28" count="11" type="stmt"/>
        <line num="29" count="11" type="cond" truecount="2" falsecount="0"/>
        <line num="30" count="1" type="stmt"/>
        <line num="31" count="10" type="stmt"/>
        <line num="32" count="10" type="stmt"/>
        <line num="37" count="6" type="stmt"/>
        <line num="38" count="6" type="stmt"/>
        <line num="39" count="6" type="stmt"/>
        <line num="40" count="6" type="cond" truecount="2" falsecount="0"/>
        <line num="41" count="1" type="stmt"/>
        <line num="43" count="5" type="stmt"/>
        <line num="45" count="5" type="stmt"/>
      </file>
      <file name="util.js" path="C:\Users\RIN\OneDrive\Desktop\DiUS\src\services\util.js">
        <metrics statements="3" coveredstatements="3" conditionals="2" coveredconditionals="2" methods="4" coveredmethods="4"/>
        <line num="3" count="89" type="cond" truecount="2" falsecount="0"/>
        <line num="8" count="14" type="stmt"/>
        <line num="14" count="58" type="stmt"/>
      </file>
    </package>
    <package name="test">
      <metrics statements="5" coveredstatements="5" conditionals="0" coveredconditionals="0" methods="0" coveredmethods="0"/>
      <file name="mock-pricing-rules.js" path="C:\Users\RIN\OneDrive\Desktop\DiUS\test\mock-pricing-rules.js">
        <metrics statements="5" coveredstatements="5" conditionals="0" coveredconditionals="0" methods="0" coveredmethods="0"/>
        <line num="1" count="1" type="stmt"/>
        <line num="36" count="1" type="stmt"/>
        <line num="47" count="1" type="stmt"/>
        <line num="65" count="1" type="stmt"/>
        <line num="100" count="1" type="stmt"/>
      </file>
    </package>
  </project>
</coverage>
