{"C:\\Users\\RIN\\OneDrive\\Desktop\\DiUS\\src\\classes\\checkout.js": {"path":"C:\\Users\\RIN\\OneDrive\\Desktop\\DiUS\\src\\classes\\checkout.js","statementMap":{"0":{"start":{"line":9,"column":4},"end":{"line":9,"column":31}},"1":{"start":{"line":10,"column":4},"end":{"line":10,"column":33}},"2":{"start":{"line":16,"column":24},"end":{"line":16,"column":49}},"3":{"start":{"line":19,"column":4},"end":{"line":21,"column":5}},"4":{"start":{"line":20,"column":6},"end":{"line":20,"column":75}},"5":{"start":{"line":24,"column":4},"end":{"line":25,"column":62}},"6":{"start":{"line":24,"column":16},"end":{"line":24,"column":73}},"7":{"start":{"line":25,"column":9},"end":{"line":25,"column":62}},"8":{"start":{"line":28,"column":4},"end":{"line":31,"column":6}},"9":{"start":{"line":34,"column":4},"end":{"line":37,"column":5}},"10":{"start":{"line":35,"column":28},"end":{"line":35,"column":68}},"11":{"start":{"line":36,"column":6},"end":{"line":36,"column":46}},"12":{"start":{"line":42,"column":4},"end":{"line":42,"column":27}},"13":{"start":{"line":42,"column":20},"end":{"line":42,"column":27}},"14":{"start":{"line":43,"column":4},"end":{"line":43,"column":34}},"15":{"start":{"line":48,"column":19},"end":{"line":48,"column":20}},"16":{"start":{"line":49,"column":4},"end":{"line":51,"column":5}},"17":{"start":{"line":50,"column":6},"end":{"line":50,"column":34}},"18":{"start":{"line":53,"column":4},"end":{"line":53,"column":47}},"19":{"start":{"line":54,"column":4},"end":{"line":54,"column":33}},"20":{"start":{"line":55,"column":4},"end":{"line":55,"column":20}}},"fnMap":{"0":{"name":"(anonymous_0)","decl":{"start":{"line":8,"column":2},"end":{"line":8,"column":3}},"loc":{"start":{"line":8,"column":25},"end":{"line":11,"column":3}},"line":8},"1":{"name":"(anonymous_1)","decl":{"start":{"line":15,"column":2},"end":{"line":15,"column":3}},"loc":{"start":{"line":15,"column":35},"end":{"line":38,"column":3}},"line":15},"2":{"name":"(anonymous_2)","decl":{"start":{"line":41,"column":2},"end":{"line":41,"column":3}},"loc":{"start":{"line":41,"column":18},"end":{"line":44,"column":3}},"line":41},"3":{"name":"(anonymous_3)","decl":{"start":{"line":47,"column":2},"end":{"line":47,"column":3}},"loc":{"start":{"line":47,"column":10},"end":{"line":56,"column":3}},"line":47}},"branchMap":{"0":{"loc":{"start":{"line":19,"column":4},"end":{"line":21,"column":5}},"type":"if","locations":[{"start":{"line":19,"column":4},"end":{"line":21,"column":5}},{"start":{},"end":{}}],"line":19},"1":{"loc":{"start":{"line":24,"column":4},"end":{"line":25,"column":62}},"type":"if","locations":[{"start":{"line":24,"column":4},"end":{"line":25,"column":62}},{"start":{"line":25,"column":9},"end":{"line":25,"column":62}}],"line":24},"2":{"loc":{"start":{"line":34,"column":4},"end":{"line":37,"column":5}},"type":"if","locations":[{"start":{"line":34,"column":4},"end":{"line":37,"column":5}},{"start":{},"end":{}}],"line":34},"3":{"loc":{"start":{"line":42,"column":4},"end":{"line":42,"column":27}},"type":"if","locations":[{"start":{"line":42,"column":4},"end":{"line":42,"column":27}},{"start":{},"end":{}}],"line":42}},"s":{"0":15,"1":15,"2":58,"3":58,"4":26,"5":58,"6":7,"7":51,"8":58,"9":58,"10":7,"11":7,"12":52,"13":1,"14":51,"15":14,"16":14,"17":26,"18":14,"19":14,"20":14},"f":{"0":15,"1":58,"2":52,"3":14},"b":{"0":[26,32],"1":[7,51],"2":[7,51],"3":[1,51]},"_coverageSchema":"1a1c01bbd47fc00a2c39e90264f33305004495a9","hash":"f4d57dc11405a077a0618c87779bb760ddb00381"}
,"C:\\Users\\RIN\\OneDrive\\Desktop\\DiUS\\src\\classes\\product.js": {"path":"C:\\Users\\RIN\\OneDrive\\Desktop\\DiUS\\src\\classes\\product.js","statementMap":{"0":{"start":{"line":6,"column":4},"end":{"line":6,"column":25}},"1":{"start":{"line":7,"column":4},"end":{"line":7,"column":22}},"2":{"start":{"line":8,"column":4},"end":{"line":8,"column":71}},"3":{"start":{"line":9,"column":4},"end":{"line":9,"column":24}},"4":{"start":{"line":10,"column":4},"end":{"line":10,"column":39}},"5":{"start":{"line":11,"column":4},"end":{"line":11,"column":29}},"6":{"start":{"line":15,"column":4},"end":{"line":38,"column":5}},"7":{"start":{"line":17,"column":6},"end":{"line":19,"column":7}},"8":{"start":{"line":18,"column":8},"end":{"line":18,"column":40}},"9":{"start":{"line":22,"column":31},"end":{"line":22,"column":67}},"10":{"start":{"line":23,"column":6},"end":{"line":26,"column":7}},"11":{"start":{"line":24,"column":8},"end":{"line":24,"column":51}},"12":{"start":{"line":25,"column":8},"end":{"line":25,"column":21}},"13":{"start":{"line":29,"column":6},"end":{"line":33,"column":8}},"14":{"start":{"line":34,"column":6},"end":{"line":34,"column":66}},"15":{"start":{"line":36,"column":6},"end":{"line":36,"column":23}},"16":{"start":{"line":37,"column":6},"end":{"line":37,"column":15}},"17":{"start":{"line":42,"column":4},"end":{"line":42,"column":28}},"18":{"start":{"line":46,"column":4},"end":{"line":46,"column":35}},"19":{"start":{"line":50,"column":4},"end":{"line":50,"column":25}}},"fnMap":{"0":{"name":"(anonymous_0)","decl":{"start":{"line":5,"column":2},"end":{"line":5,"column":3}},"loc":{"start":{"line":5,"column":37},"end":{"line":12,"column":3}},"line":5},"1":{"name":"(anonymous_1)","decl":{"start":{"line":14,"column":2},"end":{"line":14,"column":3}},"loc":{"start":{"line":14,"column":10},"end":{"line":39,"column":3}},"line":14},"2":{"name":"(anonymous_2)","decl":{"start":{"line":41,"column":2},"end":{"line":41,"column":3}},"loc":{"start":{"line":41,"column":28},"end":{"line":43,"column":3}},"line":41},"3":{"name":"(anonymous_3)","decl":{"start":{"line":45,"column":2},"end":{"line":45,"column":3}},"loc":{"start":{"line":45,"column":32},"end":{"line":47,"column":3}},"line":45},"4":{"name":"(anonymous_4)","decl":{"start":{"line":49,"column":2},"end":{"line":49,"column":3}},"loc":{"start":{"line":49,"column":16},"end":{"line":51,"column":3}},"line":49}},"branchMap":{"0":{"loc":{"start":{"line":8,"column":24},"end":{"line":8,"column":70}},"type":"binary-expr","locations":[{"start":{"line":8,"column":24},"end":{"line":8,"column":62}},{"start":{"line":8,"column":66},"end":{"line":8,"column":70}}],"line":8},"1":{"loc":{"start":{"line":17,"column":6},"end":{"line":19,"column":7}},"type":"if","locations":[{"start":{"line":17,"column":6},"end":{"line":19,"column":7}},{"start":{},"end":{}}],"line":17},"2":{"loc":{"start":{"line":17,"column":10},"end":{"line":17,"column":71}},"type":"binary-expr","locations":[{"start":{"line":17,"column":10},"end":{"line":17,"column":41}},{"start":{"line":17,"column":45},"end":{"line":17,"column":71}}],"line":17},"3":{"loc":{"start":{"line":23,"column":6},"end":{"line":26,"column":7}},"type":"if","locations":[{"start":{"line":23,"column":6},"end":{"line":26,"column":7}},{"start":{},"end":{}}],"line":23},"4":{"loc":{"start":{"line":34,"column":13},"end":{"line":34,"column":65}},"type":"cond-expr","locations":[{"start":{"line":34,"column":38},"end":{"line":34,"column":39}},{"start":{"line":34,"column":42},"end":{"line":34,"column":65}}],"line":34}},"s":{"0":26,"1":26,"2":26,"3":26,"4":26,"5":26,"6":26,"7":26,"8":1,"9":26,"10":26,"11":1,"12":1,"13":25,"14":21,"15":4,"16":4,"17":51,"18":7,"19":58},"f":{"0":26,"1":26,"2":51,"3":7,"4":58},"b":{"0":[26,1],"1":[1,25],"2":[26,26],"3":[1,25],"4":[0,21]},"_coverageSchema":"1a1c01bbd47fc00a2c39e90264f33305004495a9","hash":"334dfb1568972127331c76089b717a6730e4bce1"}
,"C:\\Users\\RIN\\OneDrive\\Desktop\\DiUS\\src\\services\\price-calculator.js": {"path":"C:\\Users\\RIN\\OneDrive\\Desktop\\DiUS\\src\\services\\price-calculator.js","statementMap":{"0":{"start":{"line":4,"column":2},"end":{"line":4,"column":65}},"1":{"start":{"line":6,"column":31},"end":{"line":48,"column":1}},"2":{"start":{"line":8,"column":4},"end":{"line":23,"column":6}},"3":{"start":{"line":9,"column":36},"end":{"line":9,"column":49}},"4":{"start":{"line":10,"column":51},"end":{"line":10,"column":63}},"5":{"start":{"line":12,"column":6},"end":{"line":13,"column":56}},"6":{"start":{"line":13,"column":8},"end":{"line":13,"column":56}},"7":{"start":{"line":16,"column":6},"end":{"line":21,"column":7}},"8":{"start":{"line":17,"column":8},"end":{"line":18,"column":69}},"9":{"start":{"line":20,"column":8},"end":{"line":20,"column":72}},"10":{"start":{"line":22,"column":6},"end":{"line":22,"column":40}},"11":{"start":{"line":27,"column":4},"end":{"line":33,"column":6}},"12":{"start":{"line":28,"column":36},"end":{"line":28,"column":49}},"13":{"start":{"line":29,"column":6},"end":{"line":30,"column":56}},"14":{"start":{"line":30,"column":8},"end":{"line":30,"column":56}},"15":{"start":{"line":31,"column":27},"end":{"line":31,"column":75}},"16":{"start":{"line":32,"column":6},"end":{"line":32,"column":40}},"17":{"start":{"line":37,"column":4},"end":{"line":46,"column":6}},"18":{"start":{"line":38,"column":36},"end":{"line":38,"column":49}},"19":{"start":{"line":39,"column":23},"end":{"line":39,"column":35}},"20":{"start":{"line":40,"column":6},"end":{"line":41,"column":56}},"21":{"start":{"line":41,"column":8},"end":{"line":41,"column":56}},"22":{"start":{"line":43,"column":8},"end":{"line":44,"column":69}},"23":{"start":{"line":45,"column":6},"end":{"line":45,"column":45}}},"fnMap":{"0":{"name":"(anonymous_0)","decl":{"start":{"line":7,"column":16},"end":{"line":7,"column":17}},"loc":{"start":{"line":7,"column":22},"end":{"line":24,"column":3}},"line":7},"1":{"name":"(anonymous_1)","decl":{"start":{"line":8,"column":11},"end":{"line":8,"column":12}},"loc":{"start":{"line":8,"column":51},"end":{"line":23,"column":5}},"line":8},"2":{"name":"(anonymous_2)","decl":{"start":{"line":26,"column":15},"end":{"line":26,"column":16}},"loc":{"start":{"line":26,"column":21},"end":{"line":34,"column":3}},"line":26},"3":{"name":"(anonymous_3)","decl":{"start":{"line":27,"column":11},"end":{"line":27,"column":12}},"loc":{"start":{"line":27,"column":51},"end":{"line":33,"column":5}},"line":27},"4":{"name":"(anonymous_4)","decl":{"start":{"line":36,"column":12},"end":{"line":36,"column":13}},"loc":{"start":{"line":36,"column":18},"end":{"line":47,"column":3}},"line":36},"5":{"name":"(anonymous_5)","decl":{"start":{"line":37,"column":11},"end":{"line":37,"column":12}},"loc":{"start":{"line":37,"column":51},"end":{"line":46,"column":5}},"line":37}},"branchMap":{"0":{"loc":{"start":{"line":12,"column":6},"end":{"line":13,"column":56}},"type":"if","locations":[{"start":{"line":12,"column":6},"end":{"line":13,"column":56}},{"start":{},"end":{}}],"line":12},"1":{"loc":{"start":{"line":16,"column":6},"end":{"line":21,"column":7}},"type":"if","locations":[{"start":{"line":16,"column":6},"end":{"line":21,"column":7}},{"start":{"line":19,"column":13},"end":{"line":21,"column":7}}],"line":16},"2":{"loc":{"start":{"line":29,"column":6},"end":{"line":30,"column":56}},"type":"if","locations":[{"start":{"line":29,"column":6},"end":{"line":30,"column":56}},{"start":{},"end":{}}],"line":29},"3":{"loc":{"start":{"line":40,"column":6},"end":{"line":41,"column":56}},"type":"if","locations":[{"start":{"line":40,"column":6},"end":{"line":41,"column":56}},{"start":{},"end":{}}],"line":40}},"s":{"0":1,"1":1,"2":7,"3":7,"4":7,"5":7,"6":1,"7":6,"8":2,"9":4,"10":6,"11":11,"12":11,"13":11,"14":1,"15":10,"16":10,"17":6,"18":6,"19":6,"20":6,"21":1,"22":5,"23":5},"f":{"0":7,"1":7,"2":11,"3":11,"4":6,"5":6},"b":{"0":[1,6],"1":[2,4],"2":[1,10],"3":[1,5]},"_coverageSchema":"1a1c01bbd47fc00a2c39e90264f33305004495a9","hash":"f521585136c1a59527715bcacc8600d4c0c4ef65"}
,"C:\\Users\\RIN\\OneDrive\\Desktop\\DiUS\\src\\services\\util.js": {"path":"C:\\Users\\RIN\\OneDrive\\Desktop\\DiUS\\src\\services\\util.js","statementMap":{"0":{"start":{"line":3,"column":2},"end":{"line":3,"column":78}},"1":{"start":{"line":3,"column":39},"end":{"line":3,"column":76}},"2":{"start":{"line":8,"column":2},"end":{"line":9,"column":19}},"3":{"start":{"line":14,"column":2},"end":{"line":14,"column":78}}},"fnMap":{"0":{"name":"validator","decl":{"start":{"line":2,"column":16},"end":{"line":2,"column":25}},"loc":{"start":{"line":2,"column":44},"end":{"line":4,"column":1}},"line":2},"1":{"name":"(anonymous_1)","decl":{"start":{"line":3,"column":28},"end":{"line":3,"column":29}},"loc":{"start":{"line":3,"column":39},"end":{"line":3,"column":76}},"line":3},"2":{"name":"updateTotalDisplay","decl":{"start":{"line":7,"column":16},"end":{"line":7,"column":34}},"loc":{"start":{"line":7,"column":45},"end":{"line":10,"column":1}},"line":7},"3":{"name":"updateProductDisplay","decl":{"start":{"line":13,"column":16},"end":{"line":13,"column":36}},"loc":{"start":{"line":13,"column":58},"end":{"line":15,"column":1}},"line":13}},"branchMap":{"0":{"loc":{"start":{"line":3,"column":39},"end":{"line":3,"column":76}},"type":"binary-expr","locations":[{"start":{"line":3,"column":39},"end":{"line":3,"column":58}},{"start":{"line":3,"column":62},"end":{"line":3,"column":76}}],"line":3}},"s":{"0":24,"1":89,"2":14,"3":58},"f":{"0":24,"1":89,"2":14,"3":58},"b":{"0":[89,86]},"_coverageSchema":"1a1c01bbd47fc00a2c39e90264f33305004495a9","hash":"9d2f4f34209ef877341e1774c75194348fc3b1d4"}
,"C:\\Users\\RIN\\OneDrive\\Desktop\\DiUS\\test\\mock-pricing-rules.js": {"path":"C:\\Users\\RIN\\OneDrive\\Desktop\\DiUS\\test\\mock-pricing-rules.js","statementMap":{"0":{"start":{"line":1,"column":32},"end":{"line":34,"column":1}},"1":{"start":{"line":36,"column":26},"end":{"line":45,"column":1}},"2":{"start":{"line":47,"column":26},"end":{"line":63,"column":1}},"3":{"start":{"line":65,"column":26},"end":{"line":97,"column":1}},"4":{"start":{"line":100,"column":36},"end":{"line":110,"column":1}}},"fnMap":{},"branchMap":{},"s":{"0":1,"1":1,"2":1,"3":1,"4":1},"f":{},"b":{},"_coverageSchema":"1a1c01bbd47fc00a2c39e90264f33305004495a9","hash":"d505a7028edfe7d96f6b6c434203310cd275564a"}
}
