TN:
SF:src\classes\checkout.js
FN:8,(anonymous_0)
FN:15,(anonymous_1)
FN:41,(anonymous_2)
FN:47,(anonymous_3)
FNF:4
FNH:4
FNDA:15,(anonymous_0)
FNDA:58,(anonymous_1)
FNDA:52,(anonymous_2)
FNDA:14,(anonymous_3)
DA:9,15
DA:10,15
DA:16,58
DA:19,58
DA:20,26
DA:24,58
DA:25,51
DA:28,58
DA:34,58
DA:35,7
DA:36,7
DA:42,52
DA:43,51
DA:48,14
DA:49,14
DA:50,26
DA:53,14
DA:54,14
DA:55,14
LF:19
LH:19
BRDA:19,0,0,26
BRDA:19,0,1,32
BRDA:24,1,0,7
BRDA:24,1,1,51
BRDA:34,2,0,7
BRDA:34,2,1,51
BRDA:42,3,0,1
BRDA:42,3,1,51
BRF:8
BRH:8
end_of_record
TN:
SF:src\classes\product.js
FN:5,(anonymous_0)
FN:14,(anonymous_1)
FN:41,(anonymous_2)
FN:45,(anonymous_3)
FN:49,(anonymous_4)
FNF:5
FNH:5
FNDA:26,(anonymous_0)
FNDA:26,(anonymous_1)
FNDA:51,(anonymous_2)
FNDA:7,(anonymous_3)
FNDA:58,(anonymous_4)
DA:6,26
DA:7,26
DA:8,26
DA:9,26
DA:10,26
DA:11,26
DA:15,26
DA:17,26
DA:18,1
DA:22,26
DA:23,26
DA:24,1
DA:25,1
DA:29,25
DA:34,21
DA:36,4
DA:37,4
DA:42,51
DA:46,7
DA:50,58
LF:20
LH:20
BRDA:8,0,0,26
BRDA:8,0,1,1
BRDA:17,1,0,1
BRDA:17,1,1,25
BRDA:17,2,0,26
BRDA:17,2,1,26
BRDA:23,3,0,1
BRDA:23,3,1,25
BRDA:34,4,0,0
BRDA:34,4,1,21
BRF:10
BRH:9
end_of_record
TN:
SF:src\services\price-calculator.js
FN:7,(anonymous_0)
FN:8,(anonymous_1)
FN:26,(anonymous_2)
FN:27,(anonymous_3)
FN:36,(anonymous_4)
FN:37,(anonymous_5)
FNF:6
FNH:6
FNDA:7,(anonymous_0)
FNDA:7,(anonymous_1)
FNDA:11,(anonymous_2)
FNDA:11,(anonymous_3)
FNDA:6,(anonymous_4)
FNDA:6,(anonymous_5)
DA:4,1
DA:6,1
DA:8,7
DA:9,7
DA:10,7
DA:12,7
DA:13,1
DA:16,6
DA:17,2
DA:20,4
DA:22,6
DA:27,11
DA:28,11
DA:29,11
DA:30,1
DA:31,10
DA:32,10
DA:37,6
DA:38,6
DA:39,6
DA:40,6
DA:41,1
DA:43,5
DA:45,5
LF:24
LH:24
BRDA:12,0,0,1
BRDA:12,0,1,6
BRDA:16,1,0,2
BRDA:16,1,1,4
BRDA:29,2,0,1
BRDA:29,2,1,10
BRDA:40,3,0,1
BRDA:40,3,1,5
BRF:8
BRH:8
end_of_record
TN:
SF:src\services\util.js
FN:2,validator
FN:3,(anonymous_1)
FN:7,updateTotalDisplay
FN:13,updateProductDisplay
FNF:4
FNH:4
FNDA:24,validator
FNDA:89,(anonymous_1)
FNDA:14,updateTotalDisplay
FNDA:58,updateProductDisplay
DA:3,89
DA:8,14
DA:14,58
LF:3
LH:3
BRDA:3,0,0,89
BRDA:3,0,1,86
BRF:2
BRH:2
end_of_record
TN:
SF:test\mock-pricing-rules.js
FNF:0
FNH:0
DA:1,1
DA:36,1
DA:47,1
DA:65,1
DA:100,1
LF:5
LH:5
BRF:0
BRH:0
end_of_record
